<?xml version="1.0" encoding="UTF-8"?>
<testng-results skipped="0" failed="0" total="2" passed="2">
  <reporter-output>
  </reporter-output>
  <suite name="Default suite" duration-ms="24973" started-at="2021-04-13T15:08:12Z" finished-at="2021-04-13T15:08:37Z">
    <groups>
    </groups>
    <test name="Default test" duration-ms="24973" started-at="2021-04-13T15:08:12Z" finished-at="2021-04-13T15:08:37Z">
      <class name="Projects.seleniumTest.TestRegistration">
        <test-method status="PASS" signature="setup()[pri:0, instance:Projects.seleniumTest.TestRegistration@4cc0edeb]" name="setup" is-config="true" duration-ms="13832" started-at="2021-04-13T20:38:13Z" finished-at="2021-04-13T20:38:26Z">
          <reporter-output>
          </reporter-output>
        </test-method> <!-- setup -->
        <test-method status="PASS" signature="userDetails(java.lang.String, java.lang.String, java.lang.String, java.lang.String, java.lang.String, java.lang.String, java.lang.String, java.lang.String, java.lang.String)[pri:0, instance:Projects.seleniumTest.TestRegistration@4cc0edeb]" name="userDetails" duration-ms="1275" started-at="2021-04-13T20:38:26Z" data-provider="test1" finished-at="2021-04-13T20:38:28Z">
          <params>
            <param index="0">
              <value>
                <![CDATA[xyz]]>
              </value>
            </param>
            <param index="1">
              <value>
                <![CDATA[thorat]]>
              </value>
            </param>
            <param index="2">
              <value>
                <![CDATA[Married]]>
              </value>
            </param>
            <param index="3">
              <value>
                <![CDATA[Cricket]]>
              </value>
            </param>
            <param index="4">
              <value>
                <![CDATA[India]]>
              </value>
            </param>
            <param index="5">
              <value>
                <![CDATA[7/22/91]]>
              </value>
            </param>
            <param index="6">
              <value>
                <![CDATA[2568952145]]>
              </value>
            </param>
            <param index="7">
              <value>
                <![CDATA[pthorat]]>
              </value>
            </param>
            <param index="8">
              <value>
                <![CDATA[pthorat@gmail.com]]>
              </value>
            </param>
          </params>
          <reporter-output>
          </reporter-output>
        </test-method> <!-- userDetails -->
        <test-method status="PASS" signature="closebrowser()[pri:0, instance:Projects.seleniumTest.TestRegistration@4cc0edeb]" name="closebrowser" is-config="true" duration-ms="0" started-at="2021-04-13T20:38:28Z" finished-at="2021-04-13T20:38:28Z">
          <reporter-output>
          </reporter-output>
        </test-method> <!-- closebrowser -->
        <test-method status="PASS" signature="setup()[pri:0, instance:Projects.seleniumTest.TestRegistration@4cc0edeb]" name="setup" is-config="true" duration-ms="8548" started-at="2021-04-13T20:38:28Z" finished-at="2021-04-13T20:38:36Z">
          <reporter-output>
          </reporter-output>
        </test-method> <!-- setup -->
        <test-method status="PASS" signature="userDetails(java.lang.String, java.lang.String, java.lang.String, java.lang.String, java.lang.String, java.lang.String, java.lang.String, java.lang.String, java.lang.String)[pri:0, instance:Projects.seleniumTest.TestRegistration@4cc0edeb]" name="userDetails" duration-ms="606" started-at="2021-04-13T20:38:36Z" data-provider="test1" finished-at="2021-04-13T20:38:37Z">
          <params>
            <param index="0">
              <value>
                <![CDATA[ABC]]>
              </value>
            </param>
            <param index="1">
              <value>
                <![CDATA[thorat]]>
              </value>
            </param>
            <param index="2">
              <value>
                <![CDATA[Single]]>
              </value>
            </param>
            <param index="3">
              <value>
                <![CDATA[Dance]]>
              </value>
            </param>
            <param index="4">
              <value>
                <![CDATA[India]]>
              </value>
            </param>
            <param index="5">
              <value>
                <![CDATA[9/15/93]]>
              </value>
            </param>
            <param index="6">
              <value>
                <![CDATA[7854125695]]>
              </value>
            </param>
            <param index="7">
              <value>
                <![CDATA[sthorat]]>
              </value>
            </param>
            <param index="8">
              <value>
                <![CDATA[sthorat@gmail.com]]>
              </value>
            </param>
          </params>
          <reporter-output>
          </reporter-output>
        </test-method> <!-- userDetails -->
        <test-method status="PASS" signature="closebrowser()[pri:0, instance:Projects.seleniumTest.TestRegistration@4cc0edeb]" name="closebrowser" is-config="true" duration-ms="1" started-at="2021-04-13T20:38:37Z" finished-at="2021-04-13T20:38:37Z">
          <reporter-output>
          </reporter-output>
        </test-method> <!-- closebrowser -->
      </class> <!-- Projects.seleniumTest.TestRegistration -->
    </test> <!-- Default test -->
  </suite> <!-- Default suite -->
</testng-results>
